[2021-04-22 16:33:49,479] INFO [Controller id=0 epoch=6] Sending UpdateMetadata request to brokers Set() for 0 partitions (state.change.logger)
[2021-04-22 16:34:15,388] INFO [Controller id=0 epoch=7] Sending UpdateMetadata request to brokers Set(0) for 0 partitions (state.change.logger)
[2021-04-22 16:34:15,457] INFO [Controller id=0 epoch=7] Sending LeaderAndIsr request to broker 0 with 16 become-leader and 0 become-follower partitions (state.change.logger)
[2021-04-22 16:34:15,460] INFO [Controller id=0 epoch=7] Sending UpdateMetadata request to brokers Set(0) for 16 partitions (state.change.logger)
[2021-04-22 16:34:15,571] INFO [Broker id=0] Handling LeaderAndIsr request correlationId 1 from controller 0 for 16 partitions (state.change.logger)
[2021-04-22 16:34:15,610] INFO [Broker id=0] Stopped fetchers as part of LeaderAndIsr request correlationId 1 from controller 0 epoch 7 as part of the become-leader transition for 16 partitions (state.change.logger)
[2021-04-22 16:34:15,632] INFO [Broker id=0] Leader groupChange-0 starts at leader epoch 0 from offset 0 with high watermark 0 ISR [0] addingReplicas [] removingReplicas []. Previous leader epoch was -1. (state.change.logger)
[2021-04-22 16:34:15,653] INFO [Broker id=0] Leader register-0 starts at leader epoch 0 from offset 0 with high watermark 0 ISR [0] addingReplicas [] removingReplicas []. Previous leader epoch was -1. (state.change.logger)
[2021-04-22 16:34:15,654] INFO [Broker id=0] Leader groupApprove-0 starts at leader epoch 0 from offset 0 with high watermark 0 ISR [0] addingReplicas [] removingReplicas []. Previous leader epoch was -1. (state.change.logger)
[2021-04-22 16:34:15,656] INFO [Broker id=0] Leader addComment-0 starts at leader epoch 0 from offset 3 with high watermark 3 ISR [0] addingReplicas [] removingReplicas []. Previous leader epoch was -1. (state.change.logger)
[2021-04-22 16:34:15,657] INFO [Broker id=0] Leader addExpense-0 starts at leader epoch 0 from offset 3 with high watermark 3 ISR [0] addingReplicas [] removingReplicas []. Previous leader epoch was -1. (state.change.logger)
[2021-04-22 16:34:15,657] INFO [Broker id=0] Leader getComment-0 starts at leader epoch 0 from offset 11 with high watermark 11 ISR [0] addingReplicas [] removingReplicas []. Previous leader epoch was -1. (state.change.logger)
[2021-04-22 16:34:15,657] INFO [Broker id=0] Leader groupCreate-0 starts at leader epoch 0 from offset 3 with high watermark 3 ISR [0] addingReplicas [] removingReplicas []. Previous leader epoch was -1. (state.change.logger)
[2021-04-22 16:34:15,659] INFO [Broker id=0] Leader groupSuggest-0 starts at leader epoch 0 from offset 3 with high watermark 3 ISR [0] addingReplicas [] removingReplicas []. Previous leader epoch was -1. (state.change.logger)
[2021-04-22 16:34:15,659] INFO [Broker id=0] Leader settleUp-0 starts at leader epoch 0 from offset 0 with high watermark 0 ISR [0] addingReplicas [] removingReplicas []. Previous leader epoch was -1. (state.change.logger)
[2021-04-22 16:34:15,661] INFO [Broker id=0] Leader getProfile-0 starts at leader epoch 0 from offset 28 with high watermark 28 ISR [0] addingReplicas [] removingReplicas []. Previous leader epoch was -1. (state.change.logger)
[2021-04-22 16:34:15,661] INFO [Broker id=0] Leader groupExit-0 starts at leader epoch 0 from offset 0 with high watermark 0 ISR [0] addingReplicas [] removingReplicas []. Previous leader epoch was -1. (state.change.logger)
[2021-04-22 16:34:15,662] INFO [Broker id=0] Leader groupFill-0 starts at leader epoch 0 from offset 32 with high watermark 32 ISR [0] addingReplicas [] removingReplicas []. Previous leader epoch was -1. (state.change.logger)
[2021-04-22 16:34:15,663] INFO [Broker id=0] Leader login-0 starts at leader epoch 0 from offset 34 with high watermark 34 ISR [0] addingReplicas [] removingReplicas []. Previous leader epoch was -1. (state.change.logger)
[2021-04-22 16:34:15,663] INFO [Broker id=0] Leader saveProfile-0 starts at leader epoch 0 from offset 3 with high watermark 3 ISR [0] addingReplicas [] removingReplicas []. Previous leader epoch was -1. (state.change.logger)
[2021-04-22 16:34:15,664] INFO [Broker id=0] Leader getDash-0 starts at leader epoch 0 from offset 18 with high watermark 18 ISR [0] addingReplicas [] removingReplicas []. Previous leader epoch was -1. (state.change.logger)
[2021-04-22 16:34:15,664] INFO [Broker id=0] Leader response_topic-0 starts at leader epoch 0 from offset 140 with high watermark 140 ISR [0] addingReplicas [] removingReplicas []. Previous leader epoch was -1. (state.change.logger)
[2021-04-22 16:34:15,676] INFO [Broker id=0] Finished LeaderAndIsr request in 106ms correlationId 1 from controller 0 for 16 partitions (state.change.logger)
[2021-04-22 16:34:15,704] INFO [Broker id=0] Add 16 partitions and deleted 0 partitions from metadata cache in response to UpdateMetadata request sent by controller 0 epoch 7 with correlation id 2 (state.change.logger)
